2025-10-30 11:00:42.384 [info] [main] Log level: Info
2025-10-30 11:00:42.384 [info] [main] Validating found git in: "git"
2025-10-30 11:00:42.384 [info] [main] Using git "2.43.0" from "git"
2025-10-30 11:00:42.384 [info] [Model][doInitialScan] Initial repository scan started
2025-10-30 11:00:42.384 [info] > git rev-parse --show-toplevel [3ms]
2025-10-30 11:00:42.384 [info] fatal: not a git repository (or any parent up to mount point /)
Stopping at filesystem boundary (GIT_DISCOVERY_ACROSS_FILESYSTEM not set).
2025-10-30 11:00:42.384 [info] > git rev-parse --show-toplevel [2ms]
2025-10-30 11:00:42.384 [info] fatal: invalid gitfile format: /home/alvaarobj/java-hello-world/.git
2025-10-30 11:00:42.384 [info] > git rev-parse --show-toplevel [838ms]
2025-10-30 11:00:42.384 [info] fatal: not a git repository (or any parent up to mount point /)
Stopping at filesystem boundary (GIT_DISCOVERY_ACROSS_FILESYSTEM not set).
2025-10-30 11:00:42.384 [info] > git rev-parse --show-toplevel [4ms]
2025-10-30 11:00:42.384 [info] fatal: not a git repository (or any parent up to mount point /)
Stopping at filesystem boundary (GIT_DISCOVERY_ACROSS_FILESYSTEM not set).
2025-10-30 11:00:42.385 [info] > git rev-parse --show-toplevel [3ms]
2025-10-30 11:00:42.385 [info] fatal: not a git repository (or any parent up to mount point /)
Stopping at filesystem boundary (GIT_DISCOVERY_ACROSS_FILESYSTEM not set).
2025-10-30 11:00:42.390 [info] > git rev-parse --show-toplevel [2ms]
2025-10-30 11:00:42.390 [info] fatal: not a git repository (or any parent up to mount point /)
Stopping at filesystem boundary (GIT_DISCOVERY_ACROSS_FILESYSTEM not set).
2025-10-30 11:00:42.396 [info] > git rev-parse --show-toplevel [2ms]
2025-10-30 11:00:42.396 [info] fatal: not a git repository (or any parent up to mount point /)
Stopping at filesystem boundary (GIT_DISCOVERY_ACROSS_FILESYSTEM not set).
2025-10-30 11:00:42.401 [info] > git rev-parse --show-toplevel [2ms]
2025-10-30 11:00:42.401 [info] fatal: not a git repository (or any parent up to mount point /)
Stopping at filesystem boundary (GIT_DISCOVERY_ACROSS_FILESYSTEM not set).
2025-10-30 11:00:42.406 [info] > git rev-parse --show-toplevel [2ms]
2025-10-30 11:00:42.406 [info] fatal: not a git repository (or any parent up to mount point /)
Stopping at filesystem boundary (GIT_DISCOVERY_ACROSS_FILESYSTEM not set).
2025-10-30 11:00:42.413 [info] > git rev-parse --show-toplevel [2ms]
2025-10-30 11:00:42.413 [info] fatal: not a git repository (or any parent up to mount point /)
Stopping at filesystem boundary (GIT_DISCOVERY_ACROSS_FILESYSTEM not set).
2025-10-30 11:00:42.419 [info] > git rev-parse --show-toplevel [2ms]
2025-10-30 11:00:42.420 [info] fatal: invalid gitfile format: /home/alvaarobj/java-hello-world/.git
2025-10-30 11:00:42.425 [info] > git rev-parse --show-toplevel [1ms]
2025-10-30 11:00:42.425 [info] fatal: not a git repository (or any parent up to mount point /)
Stopping at filesystem boundary (GIT_DISCOVERY_ACROSS_FILESYSTEM not set).
2025-10-30 11:00:42.425 [info] [Model][doInitialScan] Initial repository scan completed - repositories (0), closed repositories (0), parent repositories (0), unsafe repositories (0)
2025-10-30 11:00:42.431 [info] > git rev-parse --show-toplevel [2ms]
2025-10-30 11:00:42.431 [info] fatal: not a git repository (or any parent up to mount point /)
Stopping at filesystem boundary (GIT_DISCOVERY_ACROSS_FILESYSTEM not set).
