2025-10-29 16:25:54.814 [info] [main] Log level: Info
2025-10-29 16:25:54.814 [info] [main] Validating found git in: "git"
2025-10-29 16:25:54.814 [info] [main] Using git "2.43.0" from "git"
2025-10-29 16:25:54.814 [info] [Model][doInitialScan] Initial repository scan started
2025-10-29 16:25:54.814 [info] > git rev-parse --show-toplevel [7ms]
2025-10-29 16:25:54.814 [info] fatal: not a git repository (or any parent up to mount point /)
Stopping at filesystem boundary (GIT_DISCOVERY_ACROSS_FILESYSTEM not set).
2025-10-29 16:25:54.814 [info] > git rev-parse --show-toplevel [1ms]
2025-10-29 16:25:54.814 [info] fatal: not a git repository (or any parent up to mount point /)
Stopping at filesystem boundary (GIT_DISCOVERY_ACROSS_FILESYSTEM not set).
2025-10-29 16:25:54.814 [info] > git rev-parse --show-toplevel [2ms]
2025-10-29 16:25:54.814 [info] fatal: not a git repository (or any parent up to mount point /)
Stopping at filesystem boundary (GIT_DISCOVERY_ACROSS_FILESYSTEM not set).
2025-10-29 16:25:54.814 [info] > git rev-parse --show-toplevel [3ms]
2025-10-29 16:25:54.814 [info] fatal: not a git repository (or any parent up to mount point /)
Stopping at filesystem boundary (GIT_DISCOVERY_ACROSS_FILESYSTEM not set).
2025-10-29 16:25:54.814 [info] > git rev-parse --show-toplevel [1546ms]
2025-10-29 16:25:54.815 [info] fatal: not a git repository (or any parent up to mount point /)
Stopping at filesystem boundary (GIT_DISCOVERY_ACROSS_FILESYSTEM not set).
2025-10-29 16:25:54.815 [info] > git rev-parse --show-toplevel [9ms]
2025-10-29 16:25:54.815 [info] fatal: not a git repository (or any parent up to mount point /)
Stopping at filesystem boundary (GIT_DISCOVERY_ACROSS_FILESYSTEM not set).
2025-10-29 16:25:54.821 [info] > git rev-parse --show-toplevel [2ms]
2025-10-29 16:25:54.821 [info] fatal: not a git repository (or any parent up to mount point /)
Stopping at filesystem boundary (GIT_DISCOVERY_ACROSS_FILESYSTEM not set).
2025-10-29 16:25:54.827 [info] > git rev-parse --show-toplevel [2ms]
2025-10-29 16:25:54.827 [info] fatal: not a git repository (or any parent up to mount point /)
Stopping at filesystem boundary (GIT_DISCOVERY_ACROSS_FILESYSTEM not set).
2025-10-29 16:25:54.828 [info] [Model][doInitialScan] Initial repository scan completed - repositories (0), closed repositories (0), parent repositories (0), unsafe repositories (0)
2025-10-29 16:25:57.935 [info] > git rev-parse --show-toplevel [7ms]
2025-10-29 16:25:57.935 [info] fatal: not a git repository (or any parent up to mount point /)
Stopping at filesystem boundary (GIT_DISCOVERY_ACROSS_FILESYSTEM not set).
