2025-10-30 16:06:21.662 [info] [main] Log level: Info
2025-10-30 16:06:21.662 [info] [main] Validating found git in: "git"
2025-10-30 16:06:21.662 [info] [main] Using git "2.43.0" from "git"
2025-10-30 16:06:21.662 [info] [Model][doInitialScan] Initial repository scan started
2025-10-30 16:06:21.662 [info] > git rev-parse --show-toplevel [2018ms]
2025-10-30 16:06:21.662 [info] fatal: not a git repository (or any parent up to mount point /)
Stopping at filesystem boundary (GIT_DISCOVERY_ACROSS_FILESYSTEM not set).
2025-10-30 16:06:21.662 [info] > git rev-parse --show-toplevel [52ms]
2025-10-30 16:06:21.662 [info] fatal: not a git repository (or any parent up to mount point /)
Stopping at filesystem boundary (GIT_DISCOVERY_ACROSS_FILESYSTEM not set).
2025-10-30 16:06:21.799 [info] > git rev-parse --show-toplevel [16ms]
2025-10-30 16:06:21.799 [info] fatal: not a git repository (or any parent up to mount point /)
Stopping at filesystem boundary (GIT_DISCOVERY_ACROSS_FILESYSTEM not set).
2025-10-30 16:06:22.024 [info] > git rev-parse --show-toplevel [209ms]
2025-10-30 16:06:22.024 [info] fatal: not a git repository (or any parent up to mount point /)
Stopping at filesystem boundary (GIT_DISCOVERY_ACROSS_FILESYSTEM not set).
2025-10-30 16:06:22.109 [info] > git rev-parse --show-toplevel [27ms]
2025-10-30 16:06:22.109 [info] fatal: not a git repository (or any parent up to mount point /)
Stopping at filesystem boundary (GIT_DISCOVERY_ACROSS_FILESYSTEM not set).
2025-10-30 16:06:22.124 [info] > git rev-parse --show-toplevel [8ms]
2025-10-30 16:06:22.124 [info] fatal: not a git repository (or any parent up to mount point /)
Stopping at filesystem boundary (GIT_DISCOVERY_ACROSS_FILESYSTEM not set).
2025-10-30 16:06:22.143 [info] > git rev-parse --show-toplevel [6ms]
2025-10-30 16:06:22.143 [info] fatal: not a git repository (or any parent up to mount point /)
Stopping at filesystem boundary (GIT_DISCOVERY_ACROSS_FILESYSTEM not set).
2025-10-30 16:06:22.152 [info] > git rev-parse --show-toplevel [4ms]
2025-10-30 16:06:22.152 [info] fatal: not a git repository (or any parent up to mount point /)
Stopping at filesystem boundary (GIT_DISCOVERY_ACROSS_FILESYSTEM not set).
2025-10-30 16:06:22.162 [info] > git rev-parse --show-toplevel [4ms]
2025-10-30 16:06:22.162 [info] fatal: not a git repository (or any parent up to mount point /)
Stopping at filesystem boundary (GIT_DISCOVERY_ACROSS_FILESYSTEM not set).
2025-10-30 16:06:22.177 [info] > git rev-parse --show-toplevel [9ms]
2025-10-30 16:06:22.177 [info] fatal: not a git repository (or any parent up to mount point /)
Stopping at filesystem boundary (GIT_DISCOVERY_ACROSS_FILESYSTEM not set).
2025-10-30 16:06:22.191 [info] > git rev-parse --show-toplevel [9ms]
2025-10-30 16:06:22.191 [info] fatal: not a git repository (or any parent up to mount point /)
Stopping at filesystem boundary (GIT_DISCOVERY_ACROSS_FILESYSTEM not set).
2025-10-30 16:06:22.191 [info] [Model][doInitialScan] Initial repository scan completed - repositories (0), closed repositories (0), parent repositories (0), unsafe repositories (0)
2025-10-30 16:06:27.345 [info] > git rev-parse --show-toplevel [5ms]
2025-10-30 16:06:27.345 [info] fatal: not a git repository (or any parent up to mount point /)
Stopping at filesystem boundary (GIT_DISCOVERY_ACROSS_FILESYSTEM not set).
2025-10-30 16:06:45.597 [info] > git rev-parse --show-toplevel [3ms]
2025-10-30 16:06:45.597 [info] fatal: not a git repository (or any parent up to mount point /)
Stopping at filesystem boundary (GIT_DISCOVERY_ACROSS_FILESYSTEM not set).
2025-10-30 16:07:45.108 [info] > git rev-parse --show-toplevel [2ms]
2025-10-30 16:07:45.108 [info] fatal: not a git repository (or any parent up to mount point /)
Stopping at filesystem boundary (GIT_DISCOVERY_ACROSS_FILESYSTEM not set).
2025-10-30 16:07:50.158 [info] > git rev-parse --show-toplevel [2ms]
2025-10-30 16:07:50.158 [info] fatal: not a git repository (or any parent up to mount point /)
Stopping at filesystem boundary (GIT_DISCOVERY_ACROSS_FILESYSTEM not set).
2025-10-30 16:07:52.793 [info] > git rev-parse --show-toplevel [2ms]
2025-10-30 16:07:52.793 [info] fatal: not a git repository (or any parent up to mount point /)
Stopping at filesystem boundary (GIT_DISCOVERY_ACROSS_FILESYSTEM not set).
2025-10-30 16:07:55.701 [info] > git rev-parse --show-toplevel [4ms]
2025-10-30 16:07:55.701 [info] fatal: not a git repository (or any parent up to mount point /)
Stopping at filesystem boundary (GIT_DISCOVERY_ACROSS_FILESYSTEM not set).
2025-10-30 16:10:30.448 [info] > git rev-parse --show-toplevel [2ms]
2025-10-30 16:10:30.448 [info] fatal: not a git repository (or any parent up to mount point /)
Stopping at filesystem boundary (GIT_DISCOVERY_ACROSS_FILESYSTEM not set).
2025-10-30 16:10:33.303 [info] > git rev-parse --show-toplevel [3ms]
2025-10-30 16:10:33.303 [info] fatal: not a git repository (or any parent up to mount point /)
Stopping at filesystem boundary (GIT_DISCOVERY_ACROSS_FILESYSTEM not set).
2025-10-30 16:10:36.960 [info] > git rev-parse --show-toplevel [2ms]
2025-10-30 16:10:36.960 [info] fatal: not a git repository (or any parent up to mount point /)
Stopping at filesystem boundary (GIT_DISCOVERY_ACROSS_FILESYSTEM not set).
2025-10-30 16:11:14.683 [info] > git rev-parse --show-toplevel [2ms]
2025-10-30 16:11:14.683 [info] fatal: not a git repository (or any parent up to mount point /)
Stopping at filesystem boundary (GIT_DISCOVERY_ACROSS_FILESYSTEM not set).
2025-10-30 16:19:52.303 [info] > git rev-parse --show-toplevel [2ms]
2025-10-30 16:19:52.303 [info] fatal: not a git repository (or any parent up to mount point /)
Stopping at filesystem boundary (GIT_DISCOVERY_ACROSS_FILESYSTEM not set).
2025-10-30 16:19:54.451 [info] > git rev-parse --show-toplevel [3ms]
2025-10-30 16:19:54.451 [info] fatal: not a git repository (or any parent up to mount point /)
Stopping at filesystem boundary (GIT_DISCOVERY_ACROSS_FILESYSTEM not set).
2025-10-30 16:19:55.631 [info] > git rev-parse --show-toplevel [5ms]
2025-10-30 16:19:55.631 [info] fatal: not a git repository (or any parent up to mount point /)
Stopping at filesystem boundary (GIT_DISCOVERY_ACROSS_FILESYSTEM not set).
2025-10-30 16:19:56.419 [info] > git rev-parse --show-toplevel [2ms]
2025-10-30 16:19:56.420 [info] fatal: not a git repository (or any parent up to mount point /)
Stopping at filesystem boundary (GIT_DISCOVERY_ACROSS_FILESYSTEM not set).
2025-10-30 16:19:57.381 [info] > git rev-parse --show-toplevel [2ms]
2025-10-30 16:19:57.381 [info] fatal: not a git repository (or any parent up to mount point /)
Stopping at filesystem boundary (GIT_DISCOVERY_ACROSS_FILESYSTEM not set).
2025-10-30 16:19:59.034 [info] > git rev-parse --show-toplevel [2ms]
2025-10-30 16:19:59.034 [info] fatal: not a git repository (or any parent up to mount point /)
Stopping at filesystem boundary (GIT_DISCOVERY_ACROSS_FILESYSTEM not set).
2025-10-30 16:19:59.186 [info] > git rev-parse --show-toplevel [3ms]
2025-10-30 16:19:59.186 [info] fatal: not a git repository (or any parent up to mount point /)
Stopping at filesystem boundary (GIT_DISCOVERY_ACROSS_FILESYSTEM not set).
2025-10-30 16:19:59.354 [info] > git rev-parse --show-toplevel [2ms]
2025-10-30 16:19:59.354 [info] fatal: not a git repository (or any parent up to mount point /)
Stopping at filesystem boundary (GIT_DISCOVERY_ACROSS_FILESYSTEM not set).
2025-10-30 16:19:59.482 [info] > git rev-parse --show-toplevel [2ms]
2025-10-30 16:19:59.482 [info] fatal: not a git repository (or any parent up to mount point /)
Stopping at filesystem boundary (GIT_DISCOVERY_ACROSS_FILESYSTEM not set).
2025-10-30 16:19:59.721 [info] > git rev-parse --show-toplevel [5ms]
2025-10-30 16:19:59.721 [info] fatal: not a git repository (or any parent up to mount point /)
Stopping at filesystem boundary (GIT_DISCOVERY_ACROSS_FILESYSTEM not set).
2025-10-30 16:21:52.236 [info] > git rev-parse --show-toplevel [2ms]
2025-10-30 16:21:52.236 [info] fatal: not a git repository (or any parent up to mount point /)
Stopping at filesystem boundary (GIT_DISCOVERY_ACROSS_FILESYSTEM not set).
2025-10-30 16:22:42.468 [info] > git rev-parse --show-toplevel [2ms]
2025-10-30 16:22:42.468 [info] fatal: not a git repository (or any parent up to mount point /)
Stopping at filesystem boundary (GIT_DISCOVERY_ACROSS_FILESYSTEM not set).
2025-10-30 16:22:51.071 [info] > git rev-parse --show-toplevel [2ms]
2025-10-30 16:22:51.071 [info] fatal: not a git repository (or any parent up to mount point /)
Stopping at filesystem boundary (GIT_DISCOVERY_ACROSS_FILESYSTEM not set).
