2025-10-30 09:57:53.426 [info] [main] Log level: Info
2025-10-30 09:57:53.426 [info] [main] Validating found git in: "git"
2025-10-30 09:57:53.426 [info] [main] Using git "2.43.0" from "git"
2025-10-30 09:57:53.426 [info] [Model][doInitialScan] Initial repository scan started
2025-10-30 09:57:53.426 [info] > git rev-parse --show-toplevel [3ms]
2025-10-30 09:57:53.426 [info] fatal: not a git repository (or any parent up to mount point /)
Stopping at filesystem boundary (GIT_DISCOVERY_ACROSS_FILESYSTEM not set).
2025-10-30 09:57:53.426 [info] > git rev-parse --show-toplevel [3ms]
2025-10-30 09:57:53.426 [info] fatal: not a git repository (or any parent up to mount point /)
Stopping at filesystem boundary (GIT_DISCOVERY_ACROSS_FILESYSTEM not set).
2025-10-30 09:57:53.426 [info] > git rev-parse --show-toplevel [2ms]
2025-10-30 09:57:53.426 [info] fatal: not a git repository (or any parent up to mount point /)
Stopping at filesystem boundary (GIT_DISCOVERY_ACROSS_FILESYSTEM not set).
2025-10-30 09:57:53.426 [info] > git rev-parse --show-toplevel [9ms]
2025-10-30 09:57:53.426 [info] fatal: not a git repository (or any parent up to mount point /)
Stopping at filesystem boundary (GIT_DISCOVERY_ACROSS_FILESYSTEM not set).
2025-10-30 09:57:53.426 [info] > git rev-parse --show-toplevel [2ms]
2025-10-30 09:57:53.426 [info] fatal: not a git repository (or any parent up to mount point /)
Stopping at filesystem boundary (GIT_DISCOVERY_ACROSS_FILESYSTEM not set).
2025-10-30 09:57:53.426 [info] > git rev-parse --show-toplevel [612ms]
2025-10-30 09:57:53.426 [info] fatal: not a git repository (or any parent up to mount point /)
Stopping at filesystem boundary (GIT_DISCOVERY_ACROSS_FILESYSTEM not set).
2025-10-30 09:57:53.426 [info] > git rev-parse --show-toplevel [10ms]
2025-10-30 09:57:53.426 [info] fatal: not a git repository (or any parent up to mount point /)
Stopping at filesystem boundary (GIT_DISCOVERY_ACROSS_FILESYSTEM not set).
2025-10-30 09:57:53.426 [info] [Model][doInitialScan] Initial repository scan completed - repositories (0), closed repositories (0), parent repositories (0), unsafe repositories (0)
2025-10-30 10:01:49.899 [info] > git rev-parse --show-toplevel [5ms]
2025-10-30 10:01:49.899 [info] fatal: not a git repository (or any parent up to mount point /)
Stopping at filesystem boundary (GIT_DISCOVERY_ACROSS_FILESYSTEM not set).
2025-10-30 10:02:02.947 [info] > git rev-parse --show-toplevel [3ms]
2025-10-30 10:02:02.947 [info] fatal: not a git repository (or any parent up to mount point /)
Stopping at filesystem boundary (GIT_DISCOVERY_ACROSS_FILESYSTEM not set).
2025-10-30 10:02:22.534 [info] > git rev-parse --show-toplevel [2ms]
2025-10-30 10:02:22.534 [info] fatal: not a git repository (or any parent up to mount point /)
Stopping at filesystem boundary (GIT_DISCOVERY_ACROSS_FILESYSTEM not set).
2025-10-30 10:02:35.817 [info] > git rev-parse --show-toplevel [2ms]
2025-10-30 10:02:35.818 [info] fatal: not a git repository (or any parent up to mount point /)
Stopping at filesystem boundary (GIT_DISCOVERY_ACROSS_FILESYSTEM not set).
2025-10-30 10:08:20.111 [info] > git rev-parse --show-toplevel [2ms]
2025-10-30 10:08:20.111 [info] fatal: not a git repository (or any parent up to mount point /)
Stopping at filesystem boundary (GIT_DISCOVERY_ACROSS_FILESYSTEM not set).
2025-10-30 10:08:22.719 [info] > git rev-parse --show-toplevel [2ms]
2025-10-30 10:08:22.719 [info] fatal: not a git repository (or any parent up to mount point /)
Stopping at filesystem boundary (GIT_DISCOVERY_ACROSS_FILESYSTEM not set).
2025-10-30 10:08:24.159 [info] > git rev-parse --show-toplevel [2ms]
2025-10-30 10:08:24.159 [info] fatal: not a git repository (or any parent up to mount point /)
Stopping at filesystem boundary (GIT_DISCOVERY_ACROSS_FILESYSTEM not set).
2025-10-30 10:11:38.674 [info] > git rev-parse --show-toplevel [2ms]
2025-10-30 10:11:38.674 [info] fatal: not a git repository (or any parent up to mount point /)
Stopping at filesystem boundary (GIT_DISCOVERY_ACROSS_FILESYSTEM not set).
2025-10-30 10:12:23.158 [info] > git rev-parse --show-toplevel [3ms]
2025-10-30 10:12:23.158 [info] fatal: not a git repository (or any parent up to mount point /)
Stopping at filesystem boundary (GIT_DISCOVERY_ACROSS_FILESYSTEM not set).
2025-10-30 10:12:24.352 [info] > git rev-parse --show-toplevel [2ms]
2025-10-30 10:12:24.353 [info] fatal: not a git repository (or any parent up to mount point /)
Stopping at filesystem boundary (GIT_DISCOVERY_ACROSS_FILESYSTEM not set).
2025-10-30 10:12:26.711 [info] > git rev-parse --show-toplevel [3ms]
2025-10-30 10:12:26.711 [info] fatal: not a git repository (or any parent up to mount point /)
Stopping at filesystem boundary (GIT_DISCOVERY_ACROSS_FILESYSTEM not set).
2025-10-30 10:12:48.436 [info] > git rev-parse --show-toplevel [2ms]
2025-10-30 10:12:48.436 [info] fatal: not a git repository (or any parent up to mount point /)
Stopping at filesystem boundary (GIT_DISCOVERY_ACROSS_FILESYSTEM not set).
2025-10-30 10:12:49.416 [info] > git rev-parse --show-toplevel [2ms]
2025-10-30 10:12:49.416 [info] fatal: not a git repository (or any parent up to mount point /)
Stopping at filesystem boundary (GIT_DISCOVERY_ACROSS_FILESYSTEM not set).
2025-10-30 10:16:38.917 [info] > git rev-parse --show-toplevel [2ms]
2025-10-30 10:16:38.917 [info] fatal: not a git repository (or any parent up to mount point /)
Stopping at filesystem boundary (GIT_DISCOVERY_ACROSS_FILESYSTEM not set).
2025-10-30 10:18:18.526 [info] > git rev-parse --show-toplevel [2ms]
2025-10-30 10:18:18.526 [info] fatal: not a git repository (or any parent up to mount point /)
Stopping at filesystem boundary (GIT_DISCOVERY_ACROSS_FILESYSTEM not set).
2025-10-30 10:19:06.490 [info] > git rev-parse --show-toplevel [3ms]
2025-10-30 10:19:06.490 [info] fatal: not a git repository (or any parent up to mount point /)
Stopping at filesystem boundary (GIT_DISCOVERY_ACROSS_FILESYSTEM not set).
2025-10-30 10:20:53.043 [info] > git rev-parse --show-toplevel [2ms]
2025-10-30 10:20:53.043 [info] fatal: invalid gitfile format: /home/alvaarobj/java-hello-world/.git
2025-10-30 10:20:53.415 [info] > git rev-parse --show-toplevel [2ms]
2025-10-30 10:20:53.415 [info] fatal: invalid gitfile format: /home/alvaarobj/java-hello-world/.git
2025-10-30 10:21:04.649 [info] > git rev-parse --show-toplevel [2ms]
2025-10-30 10:21:04.649 [info] fatal: invalid gitfile format: /home/alvaarobj/java-hello-world/.git
2025-10-30 10:21:04.995 [info] > git rev-parse --show-toplevel [2ms]
2025-10-30 10:21:04.995 [info] fatal: invalid gitfile format: /home/alvaarobj/java-hello-world/.git
2025-10-30 10:21:06.975 [info] > git rev-parse --show-toplevel [2ms]
2025-10-30 10:21:06.975 [info] fatal: invalid gitfile format: /home/alvaarobj/java-hello-world/.git
2025-10-30 10:21:08.659 [info] > git rev-parse --show-toplevel [2ms]
2025-10-30 10:21:08.659 [info] fatal: invalid gitfile format: /home/alvaarobj/java-hello-world/.git
2025-10-30 10:21:10.119 [info] > git rev-parse --show-toplevel [2ms]
2025-10-30 10:21:10.119 [info] fatal: invalid gitfile format: /home/alvaarobj/java-hello-world/.git
2025-10-30 10:21:10.703 [info] > git rev-parse --show-toplevel [2ms]
2025-10-30 10:21:10.703 [info] fatal: invalid gitfile format: /home/alvaarobj/java-hello-world/.git
2025-10-30 10:21:20.282 [info] > git rev-parse --show-toplevel [2ms]
2025-10-30 10:21:20.283 [info] fatal: invalid gitfile format: /home/alvaarobj/java-hello-world/.git
2025-10-30 10:21:20.609 [info] > git rev-parse --show-toplevel [1ms]
2025-10-30 10:21:20.609 [info] fatal: invalid gitfile format: /home/alvaarobj/java-hello-world/.git
2025-10-30 10:22:21.500 [info] > git rev-parse --show-toplevel [2ms]
2025-10-30 10:22:21.500 [info] fatal: invalid gitfile format: /home/alvaarobj/java-hello-world/.git
2025-10-30 10:22:23.153 [info] > git rev-parse --show-toplevel [2ms]
2025-10-30 10:22:23.153 [info] fatal: invalid gitfile format: /home/alvaarobj/java-hello-world/.git
2025-10-30 10:23:28.317 [info] > git rev-parse --show-toplevel [7ms]
2025-10-30 10:23:28.317 [info] fatal: invalid gitfile format: /home/alvaarobj/java-hello-world/.git
2025-10-30 10:24:15.888 [info] > git rev-parse --show-toplevel [3ms]
2025-10-30 10:24:15.888 [info] fatal: invalid gitfile format: /home/alvaarobj/java-hello-world/.git
2025-10-30 10:25:30.200 [info] > git rev-parse --show-toplevel [2ms]
2025-10-30 10:25:30.200 [info] fatal: invalid gitfile format: /home/alvaarobj/java-hello-world/.git
2025-10-30 10:25:31.493 [info] > git rev-parse --show-toplevel [3ms]
2025-10-30 10:25:31.493 [info] fatal: invalid gitfile format: /home/alvaarobj/java-hello-world/.git
2025-10-30 10:33:36.559 [info] > git rev-parse --show-toplevel [6619ms]
2025-10-30 10:33:36.559 [info] fatal: invalid gitfile format: /home/alvaarobj/java-hello-world/.git
2025-10-30 10:34:04.232 [info] > git rev-parse --show-toplevel [6915ms]
2025-10-30 10:34:04.232 [info] fatal: invalid gitfile format: /home/alvaarobj/java-hello-world/.git
2025-10-30 10:34:10.975 [info] > git rev-parse --show-toplevel [6730ms]
2025-10-30 10:34:10.975 [info] fatal: invalid gitfile format: /home/alvaarobj/java-hello-world/.git
2025-10-30 10:34:17.934 [info] > git rev-parse --show-toplevel [6946ms]
2025-10-30 10:34:17.934 [info] fatal: invalid gitfile format: /home/alvaarobj/java-hello-world/.git
2025-10-30 10:34:24.813 [info] > git rev-parse --show-toplevel [6865ms]
2025-10-30 10:34:24.813 [info] fatal: invalid gitfile format: /home/alvaarobj/java-hello-world/.git
2025-10-30 10:35:40.249 [info] > git rev-parse --show-toplevel [3483ms]
2025-10-30 10:35:40.249 [info] fatal: invalid gitfile format: /home/alvaarobj/java-hello-world/.git
2025-10-30 10:35:49.018 [info] > git rev-parse --show-toplevel [3463ms]
2025-10-30 10:35:49.018 [info] fatal: invalid gitfile format: /home/alvaarobj/java-hello-world/.git
2025-10-30 10:46:35.155 [info] > git rev-parse --show-toplevel [3ms]
2025-10-30 10:46:35.155 [info] fatal: invalid gitfile format: /home/alvaarobj/java-hello-world/.git
2025-10-30 10:47:00.986 [info] > git rev-parse --show-toplevel [2ms]
2025-10-30 10:47:00.986 [info] fatal: invalid gitfile format: /home/alvaarobj/java-hello-world/.git
2025-10-30 10:47:07.221 [info] > git rev-parse --show-toplevel [4ms]
2025-10-30 10:47:07.221 [info] fatal: invalid gitfile format: /home/alvaarobj/java-hello-world/.git
2025-10-30 10:47:08.173 [info] > git rev-parse --show-toplevel [2ms]
2025-10-30 10:47:08.173 [info] fatal: invalid gitfile format: /home/alvaarobj/java-hello-world/.git
