2025-10-30 11:01:09.559 [info] [main] Log level: Info
2025-10-30 11:01:09.559 [info] [main] Validating found git in: "git"
2025-10-30 11:01:09.559 [info] [main] Using git "2.43.0" from "git"
2025-10-30 11:01:09.559 [info] [Model][doInitialScan] Initial repository scan started
2025-10-30 11:01:09.559 [info] > git rev-parse --show-toplevel [823ms]
2025-10-30 11:01:09.559 [info] fatal: not a git repository (or any parent up to mount point /)
Stopping at filesystem boundary (GIT_DISCOVERY_ACROSS_FILESYSTEM not set).
2025-10-30 11:01:09.559 [info] > git rev-parse --show-toplevel [10ms]
2025-10-30 11:01:09.559 [info] fatal: invalid gitfile format: /home/alvaarobj/java-hello-world/.git
2025-10-30 11:01:09.559 [info] > git rev-parse --show-toplevel [3ms]
2025-10-30 11:01:09.559 [info] fatal: not a git repository (or any parent up to mount point /)
Stopping at filesystem boundary (GIT_DISCOVERY_ACROSS_FILESYSTEM not set).
2025-10-30 11:01:09.564 [info] > git rev-parse --show-toplevel [2ms]
2025-10-30 11:01:09.564 [info] fatal: not a git repository (or any parent up to mount point /)
Stopping at filesystem boundary (GIT_DISCOVERY_ACROSS_FILESYSTEM not set).
2025-10-30 11:01:09.569 [info] > git rev-parse --show-toplevel [2ms]
2025-10-30 11:01:09.569 [info] fatal: not a git repository (or any parent up to mount point /)
Stopping at filesystem boundary (GIT_DISCOVERY_ACROSS_FILESYSTEM not set).
2025-10-30 11:01:09.574 [info] > git rev-parse --show-toplevel [1ms]
2025-10-30 11:01:09.574 [info] fatal: not a git repository (or any parent up to mount point /)
Stopping at filesystem boundary (GIT_DISCOVERY_ACROSS_FILESYSTEM not set).
2025-10-30 11:01:09.579 [info] > git rev-parse --show-toplevel [2ms]
2025-10-30 11:01:09.579 [info] fatal: not a git repository (or any parent up to mount point /)
Stopping at filesystem boundary (GIT_DISCOVERY_ACROSS_FILESYSTEM not set).
2025-10-30 11:01:09.584 [info] > git rev-parse --show-toplevel [2ms]
2025-10-30 11:01:09.584 [info] fatal: not a git repository (or any parent up to mount point /)
Stopping at filesystem boundary (GIT_DISCOVERY_ACROSS_FILESYSTEM not set).
2025-10-30 11:01:09.589 [info] > git rev-parse --show-toplevel [2ms]
2025-10-30 11:01:09.589 [info] fatal: not a git repository (or any parent up to mount point /)
Stopping at filesystem boundary (GIT_DISCOVERY_ACROSS_FILESYSTEM not set).
2025-10-30 11:01:09.596 [info] > git rev-parse --show-toplevel [2ms]
2025-10-30 11:01:09.596 [info] fatal: not a git repository (or any parent up to mount point /)
Stopping at filesystem boundary (GIT_DISCOVERY_ACROSS_FILESYSTEM not set).
2025-10-30 11:01:09.602 [info] > git rev-parse --show-toplevel [2ms]
2025-10-30 11:01:09.602 [info] fatal: not a git repository (or any parent up to mount point /)
Stopping at filesystem boundary (GIT_DISCOVERY_ACROSS_FILESYSTEM not set).
2025-10-30 11:01:09.607 [info] > git rev-parse --show-toplevel [2ms]
2025-10-30 11:01:09.607 [info] fatal: invalid gitfile format: /home/alvaarobj/java-hello-world/.git
2025-10-30 11:01:09.612 [info] > git rev-parse --show-toplevel [2ms]
2025-10-30 11:01:09.612 [info] fatal: not a git repository (or any parent up to mount point /)
Stopping at filesystem boundary (GIT_DISCOVERY_ACROSS_FILESYSTEM not set).
2025-10-30 11:01:09.612 [info] [Model][doInitialScan] Initial repository scan completed - repositories (0), closed repositories (0), parent repositories (0), unsafe repositories (0)
2025-10-30 11:16:05.317 [info] > git rev-parse --show-toplevel [5ms]
2025-10-30 11:16:05.317 [info] fatal: not a git repository (or any parent up to mount point /)
Stopping at filesystem boundary (GIT_DISCOVERY_ACROSS_FILESYSTEM not set).
2025-10-30 11:16:30.460 [info] > git rev-parse --show-toplevel [3ms]
2025-10-30 11:16:30.460 [info] fatal: not a git repository (or any parent up to mount point /)
Stopping at filesystem boundary (GIT_DISCOVERY_ACROSS_FILESYSTEM not set).
2025-10-30 11:18:06.830 [info] > git rev-parse --show-toplevel [4ms]
2025-10-30 11:18:06.830 [info] fatal: not a git repository (or any parent up to mount point /)
Stopping at filesystem boundary (GIT_DISCOVERY_ACROSS_FILESYSTEM not set).
2025-10-30 11:18:59.285 [info] > git rev-parse --show-toplevel [3ms]
2025-10-30 11:18:59.285 [info] fatal: not a git repository (or any parent up to mount point /)
Stopping at filesystem boundary (GIT_DISCOVERY_ACROSS_FILESYSTEM not set).
2025-10-30 11:20:06.856 [info] > git rev-parse --show-toplevel [2ms]
2025-10-30 11:20:06.856 [info] fatal: not a git repository (or any parent up to mount point /)
Stopping at filesystem boundary (GIT_DISCOVERY_ACROSS_FILESYSTEM not set).
2025-10-30 11:20:27.658 [info] > git rev-parse --show-toplevel [3ms]
2025-10-30 11:20:27.658 [info] fatal: not a git repository (or any parent up to mount point /)
Stopping at filesystem boundary (GIT_DISCOVERY_ACROSS_FILESYSTEM not set).
2025-10-30 11:21:27.439 [info] > git rev-parse --show-toplevel [2ms]
2025-10-30 11:21:27.439 [info] fatal: not a git repository (or any parent up to mount point /)
Stopping at filesystem boundary (GIT_DISCOVERY_ACROSS_FILESYSTEM not set).
2025-10-30 11:21:49.700 [info] > git rev-parse --show-toplevel [2ms]
2025-10-30 11:21:49.700 [info] fatal: not a git repository (or any parent up to mount point /)
Stopping at filesystem boundary (GIT_DISCOVERY_ACROSS_FILESYSTEM not set).
2025-10-30 11:22:28.501 [info] > git rev-parse --show-toplevel [4ms]
2025-10-30 11:22:28.501 [info] fatal: not a git repository (or any parent up to mount point /)
Stopping at filesystem boundary (GIT_DISCOVERY_ACROSS_FILESYSTEM not set).
2025-10-30 11:22:35.383 [info] > git rev-parse --show-toplevel [5ms]
2025-10-30 11:22:35.383 [info] fatal: not a git repository (or any parent up to mount point /)
Stopping at filesystem boundary (GIT_DISCOVERY_ACROSS_FILESYSTEM not set).
2025-10-30 11:26:58.445 [info] > git rev-parse --show-toplevel [2ms]
2025-10-30 11:26:58.445 [info] fatal: not a git repository (or any parent up to mount point /)
Stopping at filesystem boundary (GIT_DISCOVERY_ACROSS_FILESYSTEM not set).
2025-10-30 11:40:09.635 [info] > git rev-parse --show-toplevel [2ms]
2025-10-30 11:40:09.635 [info] fatal: not a git repository (or any parent up to mount point /)
Stopping at filesystem boundary (GIT_DISCOVERY_ACROSS_FILESYSTEM not set).
