2025-10-30 10:58:40.599 [info] [main] Log level: Info
2025-10-30 10:58:40.599 [info] [main] Validating found git in: "git"
2025-10-30 10:58:40.599 [info] [main] Using git "2.43.0" from "git"
2025-10-30 10:58:40.599 [info] [Model][doInitialScan] Initial repository scan started
2025-10-30 10:58:40.599 [info] > git rev-parse --show-toplevel [28ms]
2025-10-30 10:58:40.599 [info] fatal: not a git repository (or any parent up to mount point /)
Stopping at filesystem boundary (GIT_DISCOVERY_ACROSS_FILESYSTEM not set).
2025-10-30 10:58:40.599 [info] > git rev-parse --show-toplevel [5ms]
2025-10-30 10:58:40.599 [info] fatal: invalid gitfile format: /home/alvaarobj/java-hello-world/.git
2025-10-30 10:58:40.624 [info] > git rev-parse --show-toplevel [48ms]
2025-10-30 10:58:40.624 [info] fatal: not a git repository (or any parent up to mount point /)
Stopping at filesystem boundary (GIT_DISCOVERY_ACROSS_FILESYSTEM not set).
2025-10-30 10:58:40.640 [info] > git rev-parse --show-toplevel [8ms]
2025-10-30 10:58:40.640 [info] fatal: not a git repository (or any parent up to mount point /)
Stopping at filesystem boundary (GIT_DISCOVERY_ACROSS_FILESYSTEM not set).
2025-10-30 10:58:40.655 [info] > git rev-parse --show-toplevel [4ms]
2025-10-30 10:58:40.655 [info] fatal: not a git repository (or any parent up to mount point /)
Stopping at filesystem boundary (GIT_DISCOVERY_ACROSS_FILESYSTEM not set).
2025-10-30 10:58:40.664 [info] > git rev-parse --show-toplevel [4ms]
2025-10-30 10:58:40.664 [info] fatal: not a git repository (or any parent up to mount point /)
Stopping at filesystem boundary (GIT_DISCOVERY_ACROSS_FILESYSTEM not set).
2025-10-30 10:58:40.674 [info] > git rev-parse --show-toplevel [4ms]
2025-10-30 10:58:40.674 [info] fatal: not a git repository (or any parent up to mount point /)
Stopping at filesystem boundary (GIT_DISCOVERY_ACROSS_FILESYSTEM not set).
2025-10-30 10:58:40.681 [info] > git rev-parse --show-toplevel [2ms]
2025-10-30 10:58:40.682 [info] fatal: not a git repository (or any parent up to mount point /)
Stopping at filesystem boundary (GIT_DISCOVERY_ACROSS_FILESYSTEM not set).
2025-10-30 10:58:40.689 [info] > git rev-parse --show-toplevel [3ms]
2025-10-30 10:58:40.689 [info] fatal: not a git repository (or any parent up to mount point /)
Stopping at filesystem boundary (GIT_DISCOVERY_ACROSS_FILESYSTEM not set).
2025-10-30 10:58:40.697 [info] > git rev-parse --show-toplevel [2ms]
2025-10-30 10:58:40.697 [info] fatal: not a git repository (or any parent up to mount point /)
Stopping at filesystem boundary (GIT_DISCOVERY_ACROSS_FILESYSTEM not set).
2025-10-30 10:58:40.705 [info] > git rev-parse --show-toplevel [2ms]
2025-10-30 10:58:40.705 [info] fatal: not a git repository (or any parent up to mount point /)
Stopping at filesystem boundary (GIT_DISCOVERY_ACROSS_FILESYSTEM not set).
2025-10-30 10:58:40.712 [info] > git rev-parse --show-toplevel [3ms]
2025-10-30 10:58:40.712 [info] fatal: invalid gitfile format: /home/alvaarobj/java-hello-world/.git
2025-10-30 10:58:40.719 [info] > git rev-parse --show-toplevel [2ms]
2025-10-30 10:58:40.719 [info] fatal: not a git repository (or any parent up to mount point /)
Stopping at filesystem boundary (GIT_DISCOVERY_ACROSS_FILESYSTEM not set).
2025-10-30 10:58:40.720 [info] [Model][doInitialScan] Initial repository scan completed - repositories (0), closed repositories (0), parent repositories (0), unsafe repositories (0)
