Initializing document watcher...
Document watcher initialized
alvaarobj/java-hello-world/src/main/java/com/example/hello/HelloWorldApplication.java: {}
alvaarobj/java-hello-world/target/pom.xml: {}
alvaarobj/java-hello-world/target/Doc: {}
alvaarobj/java-hello-world/target/Dockerfile: {}
alvaarobj/java-hello-world/target/Dockerfile: Using EditorConfig core...
alvaarobj/java-hello-world/target/Dockerfile: Using EditorConfig core...
alvaarobj/java-hello-world/target/Dockerfile: Using EditorConfig core...
alvaarobj/java-hello-world/target/Dockerfile: Using EditorConfig core...
alvaarobj/java-hello-world/target/Dockerfile: Using EditorConfig core...
alvaarobj/java-hello-world/target/Dockerfile: Using EditorConfig core...
alvaarobj/java-hello-world/target/Dockerfile: Using EditorConfig core...
alvaarobj/java-hello-world/target/Dockerfile: Using EditorConfig core...
alvaarobj/java-hello-world/target/Dockerfile: Using EditorConfig core...
alvaarobj/java-hello-world/target/Dockerfile: Using EditorConfig core...
alvaarobj/java-hello-world/target/Dockerfile: Using EditorConfig core...
alvaarobj/java-hello-world/target/Dockerfile: Using EditorConfig core...
alvaarobj/java-hello-world/target/Dockerfile: Using EditorConfig core...
alvaarobj/java-hello-world/target/Dockerfile: Using EditorConfig core...
alvaarobj/java-hello-world/target/Dockerfile: Using EditorConfig core...
alvaarobj/java-hello-world/target/Dockerfile: Using EditorConfig core...
alvaarobj/java-hello-world/target/Dockerfile: Using EditorConfig core...
alvaarobj/java-hello-world/target/Dockerfile: Using EditorConfig core...
alvaarobj/java-hello-world/target/Dockerfile: Using EditorConfig core...
alvaarobj/java-hello-world/target/Dockerfile: Using EditorConfig core...
alvaarobj/java-hello-world/target/Dockerfile: Using EditorConfig core...
alvaarobj/java-hello-world/target/Dockerfile: Using EditorConfig core...
alvaarobj/java-hello-world/target/Dockerfile: Using EditorConfig core...
alvaarobj/java-hello-world/target/Dockerfile: Using EditorConfig core...
alvaarobj/java-hello-world/target/Dockerfile: Using EditorConfig core...
alvaarobj/java-hello-world/target/Dockerfile: Using EditorConfig core...
alvaarobj/java-hello-world/target/Dockerfile: Using EditorConfig core...
alvaarobj/java-hello-world/target/Dockerfile: Using EditorConfig core...
alvaarobj/java-hello-world/target/Dockerfile: Using EditorConfig core...
alvaarobj/java-hello-world/target/Dockerfile: Using EditorConfig core...
alvaarobj/java-hello-world/target/Dockerfile: Using EditorConfig core...
alvaarobj/java-hello-world/target/Dockerfile: Using EditorConfig core...
alvaarobj/java-hello-world/target/Dockerfile: Using EditorConfig core...
alvaarobj/java-hello-world/target/Dockerfile: Using EditorConfig core...
alvaarobj/java-hello-world/target/Dockerfile: Using EditorConfig core...
alvaarobj/java-hello-world/target/Dockerfile: Using EditorConfig core...
alvaarobj/java-hello-world/target/Dockerfile: Using EditorConfig core...
alvaarobj/java-hello-world/target/Dockerfile: Using EditorConfig core...
alvaarobj/java-hello-world/target/Dockerfile: Using EditorConfig core...
alvaarobj/java-hello-world/target/Dockerfile: Using EditorConfig core...
alvaarobj/java-hello-world/target/Dockerfile: Using EditorConfig core...
alvaarobj/java-hello-world/target/Dockerfile: Using EditorConfig core...
alvaarobj/java-hello-world/target/Dockerfile: Using EditorConfig core...
alvaarobj/java-hello-world/target/Dockerfile: Using EditorConfig core...
alvaarobj/java-hello-world/target/Dockerfile: Using EditorConfig core...
alvaarobj/java-hello-world/target/Dockerfile: Using EditorConfig core...
alvaarobj/java-hello-world/target/Dockerfile: Using EditorConfig core...
alvaarobj/java-hello-world/target/Dockerfile: Using EditorConfig core...
alvaarobj/java-hello-world/target/Dockerfile: Using EditorConfig core...
alvaarobj/java-hello-world/target/Dockerfile: Using EditorConfig core...
alvaarobj/java-hello-world/target/Dockerfile: Using EditorConfig core...
alvaarobj/java-hello-world/target/Dockerfile: Using EditorConfig core...
alvaarobj/java-hello-world/target/Dockerfile: Using EditorConfig core...
alvaarobj/java-hello-world/target/Dockerfile: Using EditorConfig core...
alvaarobj/java-hello-world/target/Dockerfile: Using EditorConfig core...
alvaarobj/java-hello-world/target/Dockerfile: Using EditorConfig core...
alvaarobj/java-hello-world/target/Dockerfile: Using EditorConfig core...
alvaarobj/java-hello-world/target/Dockerfile: Using EditorConfig core...
alvaarobj/java-hello-world/target/Dockerfile: Using EditorConfig core...
alvaarobj/java-hello-world/target/Dockerfile: Using EditorConfig core...
alvaarobj/java-hello-world/target/Dockerfile: Using EditorConfig core...
alvaarobj/java-hello-world/target/Dockerfile: Using EditorConfig core...
alvaarobj/java-hello-world/target/Dockerfile: Using EditorConfig core...
alvaarobj/java-hello-world/target/Dockerfile: Using EditorConfig core...
alvaarobj/java-hello-world/target/Dockerfile: Using EditorConfig core...
alvaarobj/java-hello-world/target/Dockerfile: Using EditorConfig core...
alvaarobj/java-hello-world/target/Dockerfile: Using EditorConfig core...
alvaarobj/java-hello-world/target/Dockerfile: {}
alvaarobj/java-hello-world/target/Dockerfile: {}
alvaarobj/java-hello-world/target/Dockerfile: {}
alvaarobj/java-hello-world/src/main/java/com/example/hello/HelloWorldApplication.java: {}
alvaarobj/java-hello-world/target/Dockerfile: {}
alvaarobj/java-hello-world/target/pom.xml: {}
alvaarobj/java-hello-world/target/pom.xml: {}
alvaarobj/java-hello-world/target/pom.xml: {}
alvaarobj/java-hello-world/target/pom.xml: {}
alvaarobj/java-hello-world/target/pom.xml: {}
alvaarobj/java-hello-world/target/pom.xml: {}
alvaarobj/java-hello-world/target/pom.xml: {}
alvaarobj/java-hello-world/target/pom.xml: {}
alvaarobj/java-hello-world/target/pom.xml: {}
alvaarobj/java-hello-world/target/pom.xml: {}
alvaarobj/java-hello-world/target/pom.xml: {}
alvaarobj/java-hello-world/target/pom.xml: {}
alvaarobj/java-hello-world/target/pom.xml: {}
alvaarobj/java-hello-world/pom.xml: {}
alvaarobj/java-hello-world/pom.xml: {}
alvaarobj/java-hello-world/Dockerfile: {}
alvaarobj/java-hello-world/pom.xml: {}
alvaarobj/java-hello-world/src/main/java/com/example/hello/HelloWorldApplication.java: {}
undefined: {}
alvaarobj/java-hello-world/src/main/java/com/example/hello/HelloWorldApplication.java: {}
alvaarobj/java-hello-world/src/main/java/com/example/hello/HelloWorldApplication.java: {}
alvaarobj/java-hello-world/src/main/java/com/example/hello/HelloWorldApplication.java: {}
alvaarobj/java-hello-world/src/main/java/com/example/hello/HelloWorldApplication.java: {}
alvaarobj/java-hello-world/src/main/java/com/example/hello/HelloWorldApplication.java: {}
alvaarobj/java-hello-world/src/main/java/com/example/hello/HelloWorldApplication.java: {}
alvaarobj/java-hello-world/src/main/java/com/example/hello/HelloWorldApplication.java: {}
alvaarobj/java-hello-world/src/main/java/com/example/hello/HelloWorldApplication.java: {}
alvaarobj/java-hello-world/src/main/java/com/example/hello/HelloWorldApplication.java: {}
alvaarobj/java-hello-world/Dockerfile: {}
alvaarobj/java-hello-world/Dockerfile: {}
alvaarobj/java-hello-world/Dockerfile: Using EditorConfig core...
alvaarobj/java-hello-world/Dockerfile: {}
alvaarobj/java-hello-world/Dockerfile: {}
alvaarobj/java-hello-world/Dockerfile: {}
alvaarobj/java-hello-world/Dockerfile: {}
alvaarobj/java-hello-world/src/main/java/com/example/hello/HelloWorldApplication.java: {}
alvaarobj/java-hello-world/src/main/java/com/example/hello/HelloWorldApplication.java: Using EditorConfig core...
alvaarobj/java-hello-world/src/main/java/com/example/hello/HelloWorldApplication.java: {}
alvaarobj/java-hello-world/src/main/java/com/example/hello/HelloWorldApplication.java: Using EditorConfig core...
alvaarobj/java-hello-world/src/main/java/com/example/hello/HelloWorldApplication.java: Using EditorConfig core...
alvaarobj/java-hello-world/src/main/java/com/example/hello/HelloWorldApplication.java: Using EditorConfig core...
alvaarobj/java-hello-world/src/main/java/com/example/hello/HelloWorldApplication.java: Using EditorConfig core...
alvaarobj/java-hello-world/src/main/java/com/example/hello/HelloWorldApplication.java: Using EditorConfig core...
alvaarobj/java-hello-world/Dockerfile: {}
alvaarobj/java-hello-world/Dockerfile: {}
alvaarobj/java-hello-world/Dockerfile: {}
alvaarobj/java-hello-world/Dockerfile: {}
alvaarobj/java-hello-world/Dockerfile: {}
alvaarobj/java-hello-world/Dockerfile: {}
alvaarobj/java-hello-world/Dockerfile: {}
alvaarobj/java-hello-world/Dockerfile: {}
alvaarobj/java-hello-world/Dockerfile: {}
alvaarobj/java-hello-world/.git: {}
alvaarobj/java-hello-world/.git: {}
alvaarobj/java-hello-world/.gitin: {}
alvaarobj/java-hello-world/.gitin: Using EditorConfig core...
alvaarobj/java-hello-world/.gitin: Using EditorConfig core...
alvaarobj/java-hello-world/.git: {}
alvaarobj/java-hello-world/.git: {}
alvaarobj/java-hello-world/.gitignore: {}
alvaarobj/java-hello-world/.gitignore: {}
alvaarobj/java-hello-world/.gitignore: {}
alvaarobj/java-hello-world/.gitignore: {}
alvaarobj/java-hello-world/pom.xml: {}
alvaarobj/java-hello-world/Dockerfile: {}
alvaarobj/java-hello-world/Dockerfile: {}
alvaarobj/java-hello-world/Dockerfile: {}
alvaarobj/java-hello-world/pom.xml: {}
alvaarobj/java-hello-world/pom.xml: {}
alvaarobj/java-hello-world/Dockerfile: {}
alvaarobj/java-hello-world/Dockerfile: {}
alvaarobj/java-hello-world/pom.xml: {}
alvaarobj/java-hello-world/Dockerfile: {}
alvaarobj/java-hello-world/Dockerfile: {}
alvaarobj/java-hello-world/Dockerfile: {}
alvaarobj/java-hello-world/Dockerfile: {}
alvaarobj/java-hello-world/Dockerfile: {}
alvaarobj/java-hello-world/Dockerfile: {}
alvaarobj/java-hello-world/Dockerfile: {}
alvaarobj/java-hello-world/Dockerfile: {}
alvaarobj/java-hello-world/Dockerfile: {}
alvaarobj/java-hello-world/Dockerfile: {}
alvaarobj/java-hello-world/src/main/java/com/example/hello/HelloWorldApplication.java: {}
alvaarobj/java-hello-world/src/main/java/com/example/hello/HelloWorldApplication.java: {}
alvaarobj/java-hello-world/src/main/java/com/example/hello/HelloWorldApplication.java: {}
alvaarobj/java-hello-world/src/main/java/com/example/hello/HelloWorldApplication.java: {}
alvaarobj/java-hello-world/src/main/java/com/example/hello/HelloWorldApplication.java: {}
alvaarobj/java-hello-world/src/main/java/com/example/hello/HelloWorldApplication.java: {}
alvaarobj/java-hello-world/src/main/java/com/example/hello/HelloWorldApplication.java: {}
alvaarobj/java-hello-world/.gitignore: {}
alvaarobj/java-hello-world/.gitignore: {}
alvaarobj/java-hello-world/.gitignore: {}
No more open editors.
alvaarobj/java-hello-world/src/main/java/com/example/hello/HelloWorldApplication.java: {}
alvaarobj/java-hello-world/src/main/java/com/example/hello/HelloWorldApplication.java: {}
alvaarobj/java-hello-world/src/main/java/com/example/hello/HelloWorldApplication.java: {}
alvaarobj/java-hello-world/src/main/java/com/example/hello/HelloWorldApplication.java: {}
alvaarobj/java-hello-world/src/main/java/com/example/hello/HelloWorldApplication.java: {}
alvaarobj/java-hello-world/src/main/java/com/example/hello/HelloWorldApplication.java: {}
alvaarobj/java-hello-world/src/main/java/com/example/hello/HelloWorldApplication.java: {}
alvaarobj/java-hello-world/main/java/HelloWorldApplication.java: {}
alvaarobj/java-hello-world/src/main/java/com/example/hello/HelloWorldApplication.java: {}
alvaarobj/java-hello-world/src/main/java/com/example/hello/HelloWorldApplication.java: {}
alvaarobj/java-hello-world/src/main/java/com/example/hello/HelloWorldApplication.java: {}
alvaarobj/java-hello-world/src/main/java/com/example/hello/HelloWorldApplication.java: Using EditorConfig core...
alvaarobj/java-hello-world/src/main/java/com/example/hello/HelloWorldApplication.java: {}
alvaarobj/java-hello-world/src/main/java/com/example/hello/HelloWorldApplication.java: Using EditorConfig core...
alvaarobj/java-hello-world/src/main/java/com/example/hello/HelloWorldApplication.java: Using EditorConfig core...
alvaarobj/java-hello-world/src/main/java/com/example/hello/HelloWorldApplication.java: Using EditorConfig core...
alvaarobj/java-hello-world/src/main/java/com/example/hello/HelloWorldApplication.java: Using EditorConfig core...
alvaarobj/java-hello-world/src/main/java/com/example/hello/HelloWorldApplication.java: Using EditorConfig core...
alvaarobj/java-hello-world/src/main/java/com/example/hello/HelloWorldApplication.java: {}
alvaarobj/java-hello-world/src/main/java/com/example/hello/HelloWorldApplication.java: Using EditorConfig core...
alvaarobj/java-hello-world/src/main/java/com/example/hello/HelloWorldApplication.java: {}
alvaarobj/java-hello-world/src/main/java/com/example/hello/HelloWorldApplication.java: {}
alvaarobj/java-hello-world/src/main/java/com/example/hello/HelloWorldApplication.java: {}
alvaarobj/java-hello-world/src/main/java/com/example/hello/HelloWorldApplication.java: {}
alvaarobj/java-hello-world/src/main/java/com/example/hello/HelloWorldApplication.java: {}
alvaarobj/java-hello-world/src/main/java/com/example/hello/HelloWorldApplication.java: {}
alvaarobj/java-hello-world/src/main/java/com/example/hello/HelloWorldApplication.java: {}
alvaarobj/java-hello-world/src/main/java/com/example/hello/HelloWorldApplication.java: {}
alvaarobj/java-hello-world/src/main/java/com/example/hello/HelloWorldApplication.java: {}
alvaarobj/java-hello-world/src/main/java/com/example/hello/HelloWorldApplication.java: {}
alvaarobj/java-hello-world/src/main/java/com/example/hello/HelloWorldApplication.java: {}
alvaarobj/java-hello-world/src/main/java/com/example/hello/HelloWorldApplication.java: {}
alvaarobj/java-hello-world/src/main/java/com/example/hello/HelloWorldApplication.java: {}
alvaarobj/java-hello-world/src/main/java/com/example/hello/HelloWorldApplication.java: {}
alvaarobj/java-hello-world/src/main/java/com/example/hello/HelloWorldApplication.java: {}
alvaarobj/java-hello-world/src/main/java/com/example/hello/HelloWorldApplication.java: {}
alvaarobj/java-hello-world/Dockerfile: {}
alvaarobj/java-hello-world/Dockerfile: {}
alvaarobj/java-hello-world/pom.xml: {}
alvaarobj/java-hello-world/pom.xml: Using EditorConfig core...
alvaarobj/java-hello-world/pom.xml: Using EditorConfig core...
alvaarobj/java-hello-world/src/main/java/com/example/hello/HelloWorldApplication.java: {}
alvaarobj/java-hello-world/pom.xml: {}
alvaarobj/java-hello-world/pom.xml: {}
alvaarobj/java-hello-world/pom.xml: {}
alvaarobj/java-hello-world/pom.xml: {}
alvaarobj/java-hello-world/pom.xml: {}
