WARNING: Using incubator modules: jdk.incubator.foreign, jdk.incubator.vector
Oct 30, 2025 10:01:52 AM org.apache.aries.spifly.BaseActivator log
INFO: Registered provider ch.qos.logback.classic.servlet.LogbackServletContainerInitializer of service jakarta.servlet.ServletContainerInitializer in bundle ch.qos.logback.classic
Oct 30, 2025 10:01:52 AM org.apache.aries.spifly.BaseActivator log
INFO: Registered provider ch.qos.logback.classic.spi.LogbackServiceProvider of service org.slf4j.spi.SLF4JServiceProvider in bundle ch.qos.logback.classic
[Error - 10:01:57 AM] Oct 30, 2025, 10:01:53 AM FrameworkEvent ERROR
org.osgi.framework.BundleException: Could not resolve module: com.microsoft.gradle.bs.importer [117]
  Unresolved requirement: Require-Capability: osgi.ee; filter:="(&(osgi.ee=JavaSE)(version=21))"

	at org.eclipse.osgi.container.Module.start(Module.java:493)
	at org.eclipse.osgi.container.ModuleContainer$ContainerStartLevel$2.run(ModuleContainer.java:2102)
	at org.eclipse.osgi.internal.framework.EquinoxContainerAdaptor$1$1.execute(EquinoxContainerAdaptor.java:143)
	at org.eclipse.osgi.container.ModuleContainer$ContainerStartLevel.incStartLevel(ModuleContainer.java:2093)
	at org.eclipse.osgi.container.ModuleContainer$ContainerStartLevel.incStartLevel(ModuleContainer.java:2033)
	at org.eclipse.osgi.container.ModuleContainer$ContainerStartLevel.doContainerStartLevel(ModuleContainer.java:1996)
	at org.eclipse.osgi.container.ModuleContainer$ContainerStartLevel.dispatchEvent(ModuleContainer.java:1912)
	at org.eclipse.osgi.container.ModuleContainer$ContainerStartLevel.dispatchEvent(ModuleContainer.java:1)
	at org.eclipse.osgi.framework.eventmgr.EventManager.dispatchEvent(EventManager.java:230)
	at org.eclipse.osgi.framework.eventmgr.EventManager$EventThread.run(EventManager.java:341)

Oct 30, 2025 10:02:01 AM com.microsoft.java.debug.plugin.internal.JavaDebuggerServerPlugin start
INFO: Starting com.microsoft.java.debug.plugin
Oct 30, 2025 10:33:29 AM org.eclipse.lsp4j.jsonrpc.RemoteEndpoint handleCancellation
WARNING: Unmatched cancel notification for request id 171
Oct 30, 2025 10:33:29 AM org.eclipse.lsp4j.jsonrpc.RemoteEndpoint handleCancellation
WARNING: Unmatched cancel notification for request id 172
Oct 30, 2025 10:33:29 AM org.eclipse.lsp4j.jsonrpc.RemoteEndpoint handleCancellation
WARNING: Unmatched cancel notification for request id 175
Oct 30, 2025 10:33:33 AM org.eclipse.lsp4j.jsonrpc.RemoteEndpoint handleCancellation
WARNING: Unmatched cancel notification for request id 163
Oct 30, 2025 10:33:53 AM org.eclipse.lsp4j.jsonrpc.RemoteEndpoint handleCancellation
WARNING: Unmatched cancel notification for request id 179
Oct 30, 2025 10:33:53 AM org.eclipse.lsp4j.jsonrpc.RemoteEndpoint handleCancellation
WARNING: Unmatched cancel notification for request id 164
Oct 30, 2025 10:33:53 AM org.eclipse.lsp4j.jsonrpc.RemoteEndpoint handleCancellation
WARNING: Unmatched cancel notification for request id 174
Oct 30, 2025 10:33:53 AM org.eclipse.lsp4j.jsonrpc.RemoteEndpoint handleCancellation
WARNING: Unmatched cancel notification for request id 167
Oct 30, 2025 10:34:28 AM org.eclipse.lsp4j.jsonrpc.RemoteEndpoint handleCancellation
WARNING: Unmatched cancel notification for request id 182
Oct 30, 2025 10:34:45 AM org.eclipse.lsp4j.jsonrpc.RemoteEndpoint handleCancellation
WARNING: Unmatched cancel notification for request id 183
Oct 30, 2025 10:35:35 AM org.eclipse.lsp4j.jsonrpc.RemoteEndpoint handleCancellation
WARNING: Unmatched cancel notification for request id 191
Oct 30, 2025 10:35:36 AM org.eclipse.lsp4j.jsonrpc.RemoteEndpoint handleCancellation
WARNING: Unmatched cancel notification for request id 193
Oct 30, 2025 10:35:38 AM org.eclipse.lsp4j.jsonrpc.RemoteEndpoint handleCancellation
WARNING: Unmatched cancel notification for request id 195
Oct 30, 2025 10:35:43 AM org.eclipse.lsp4j.jsonrpc.RemoteEndpoint handleCancellation
WARNING: Unmatched cancel notification for request id 196
Oct 30, 2025 10:35:43 AM org.eclipse.lsp4j.jsonrpc.RemoteEndpoint handleCancellation
WARNING: Unmatched cancel notification for request id 194
Oct 30, 2025 10:35:43 AM org.eclipse.lsp4j.jsonrpc.RemoteEndpoint handleCancellation
WARNING: Unmatched cancel notification for request id 197
Oct 30, 2025 10:35:43 AM org.eclipse.lsp4j.jsonrpc.RemoteEndpoint handleCancellation
WARNING: Unmatched cancel notification for request id 199
Oct 30, 2025 10:35:43 AM org.eclipse.lsp4j.jsonrpc.RemoteEndpoint handleCancellation
WARNING: Unmatched cancel notification for request id 198
[Error - 10:35:49 AM] Oct 30, 2025, 10:35:35 AM Problems occurred when invoking code from plug-in: "org.eclipse.jdt.ls.core".
Failed to resolve main method codeLens: File not found: /home/alvaarobj/java-hello-world/src/main/java/com/example/hello/HelloWorldApplication.java.
com.microsoft.java.debug.core.DebugException: Failed to resolve main method codeLens: File not found: /home/alvaarobj/java-hello-world/src/main/java/com/example/hello/HelloWorldApplication.java.
	at com.microsoft.java.debug.plugin.internal.ResolveMainMethodHandler.resolveMainMethods(ResolveMainMethodHandler.java:80)
	at com.microsoft.java.debug.plugin.internal.JavaDebugDelegateCommandHandler.executeCommand(JavaDebugDelegateCommandHandler.java:80)
	at org.eclipse.jdt.ls.core.internal.handlers.WorkspaceExecuteCommandHandler$1.run(WorkspaceExecuteCommandHandler.java:230)
	at org.eclipse.core.runtime.SafeRunner.run(SafeRunner.java:47)
	at org.eclipse.jdt.ls.core.internal.handlers.WorkspaceExecuteCommandHandler.executeCommand(WorkspaceExecuteCommandHandler.java:220)
	at org.eclipse.jdt.ls.core.internal.handlers.JDTLanguageServer.lambda$4(JDTLanguageServer.java:609)
	at org.eclipse.jdt.ls.core.internal.BaseJDTLanguageServer.lambda$0(BaseJDTLanguageServer.java:87)
	at java.base/java.util.concurrent.CompletableFuture$UniApply.tryFire(CompletableFuture.java:646)
	at java.base/java.util.concurrent.CompletableFuture$Completion.exec(CompletableFuture.java:483)
	at java.base/java.util.concurrent.ForkJoinTask.doExec(ForkJoinTask.java:373)
	at java.base/java.util.concurrent.ForkJoinPool$WorkQueue.topLevelExec(ForkJoinPool.java:1182)
	at java.base/java.util.concurrent.ForkJoinPool.scan(ForkJoinPool.java:1655)
	at java.base/java.util.concurrent.ForkJoinPool.runWorker(ForkJoinPool.java:1622)
	at java.base/java.util.concurrent.ForkJoinWorkerThread.run(ForkJoinWorkerThread.java:165)
Caused by: Java Model Exception: Core Exception [code 368] File not found: /home/alvaarobj/java-hello-world/src/main/java/com/example/hello/HelloWorldApplication.java.
	at org.eclipse.jdt.internal.core.util.Util.getResourceContentsAsCharArray(Util.java:1201)
	at org.eclipse.jdt.internal.core.CompilationUnit.openBuffer(CompilationUnit.java:1338)
	at org.eclipse.jdt.internal.core.CompilationUnit.buildStructure(CompilationUnit.java:162)
	at org.eclipse.jdt.internal.core.Openable.generateInfos(Openable.java:246)
	at org.eclipse.jdt.internal.core.SourceRefElement.generateInfos(SourceRefElement.java:127)
	at org.eclipse.jdt.internal.core.JavaElement.openWhenClosed(JavaElement.java:569)
	at org.eclipse.jdt.internal.core.JavaElement.getElementInfo(JavaElement.java:292)
	at org.eclipse.jdt.internal.core.JavaElement.getElementInfo(JavaElement.java:278)
	at org.eclipse.jdt.internal.core.JavaElement.getChildren(JavaElement.java:233)
	at org.eclipse.jdt.internal.core.JavaElement.getChildrenOfType(JavaElement.java:247)
	at org.eclipse.jdt.internal.core.SourceType.getMethods(SourceType.java:499)
	at com.microsoft.java.debug.plugin.internal.ResolveMainMethodHandler.getMainMethod(ResolveMainMethodHandler.java:114)
	at com.microsoft.java.debug.plugin.internal.ResolveMainMethodHandler.searchMainMethods(ResolveMainMethodHandler.java:99)
	at com.microsoft.java.debug.plugin.internal.ResolveMainMethodHandler.resolveMainMethodCore(ResolveMainMethodHandler.java:86)
	at com.microsoft.java.debug.plugin.internal.ResolveMainMethodHandler.resolveMainMethods(ResolveMainMethodHandler.java:78)
	... 13 more
Caused by: org.eclipse.core.internal.resources.ResourceException: File not found: /home/alvaarobj/java-hello-world/src/main/java/com/example/hello/HelloWorldApplication.java.
	at org.eclipse.core.internal.localstore.FileSystemResourceManager.readAllBytes(FileSystemResourceManager.java:916)
	at org.eclipse.core.internal.resources.File.readAllBytes(File.java:363)
	at org.eclipse.core.internal.utils.FileUtil.readAllChars(FileUtil.java:302)
	at org.eclipse.core.resources.IFile.readAllChars(IFile.java:1369)
	at org.eclipse.jdt.internal.core.util.Util.getResourceContentsAsCharArray(Util.java:1199)
	... 27 more
Caused by: org.eclipse.core.runtime.CoreException: File not found: /home/alvaarobj/java-hello-world/src/main/java/com/example/hello/HelloWorldApplication.java.
	at org.eclipse.core.internal.filesystem.Policy.error(Policy.java:32)
	at org.eclipse.core.internal.filesystem.local.LocalFile.handleReadIOException(LocalFile.java:542)
	at org.eclipse.core.internal.filesystem.local.LocalFile.readAllBytes(LocalFile.java:534)
	at org.eclipse.core.internal.localstore.FileSystemResourceManager.readAllBytes(FileSystemResourceManager.java:911)
	... 31 more
Caused by: java.nio.file.NoSuchFileException: /home/alvaarobj/java-hello-world/src/main/java/com/example/hello/HelloWorldApplication.java
	at java.base/sun.nio.fs.UnixException.translateToIOException(UnixException.java:92)
	at java.base/sun.nio.fs.UnixException.rethrowAsIOException(UnixException.java:106)
	at java.base/sun.nio.fs.UnixException.rethrowAsIOException(UnixException.java:111)
	at java.base/sun.nio.fs.UnixFileSystemProvider.newByteChannel(UnixFileSystemProvider.java:218)
	at java.base/java.nio.file.Files.newByteChannel(Files.java:380)
	at java.base/java.nio.file.Files.newByteChannel(Files.java:432)
	at java.base/java.nio.file.Files.readAllBytes(Files.java:3288)
	at org.eclipse.core.internal.filesystem.local.LocalFile.readAllBytes(LocalFile.java:532)
	... 32 more

[Error - 10:35:49 AM] Oct 30, 2025, 10:35:35 AM Error in calling delegate command handler
Failed to resolve main method codeLens: File not found: /home/alvaarobj/java-hello-world/src/main/java/com/example/hello/HelloWorldApplication.java.
com.microsoft.java.debug.core.DebugException: Failed to resolve main method codeLens: File not found: /home/alvaarobj/java-hello-world/src/main/java/com/example/hello/HelloWorldApplication.java.
	at com.microsoft.java.debug.plugin.internal.ResolveMainMethodHandler.resolveMainMethods(ResolveMainMethodHandler.java:80)
	at com.microsoft.java.debug.plugin.internal.JavaDebugDelegateCommandHandler.executeCommand(JavaDebugDelegateCommandHandler.java:80)
	at org.eclipse.jdt.ls.core.internal.handlers.WorkspaceExecuteCommandHandler$1.run(WorkspaceExecuteCommandHandler.java:230)
	at org.eclipse.core.runtime.SafeRunner.run(SafeRunner.java:47)
	at org.eclipse.jdt.ls.core.internal.handlers.WorkspaceExecuteCommandHandler.executeCommand(WorkspaceExecuteCommandHandler.java:220)
	at org.eclipse.jdt.ls.core.internal.handlers.JDTLanguageServer.lambda$4(JDTLanguageServer.java:609)
	at org.eclipse.jdt.ls.core.internal.BaseJDTLanguageServer.lambda$0(BaseJDTLanguageServer.java:87)
	at java.base/java.util.concurrent.CompletableFuture$UniApply.tryFire(CompletableFuture.java:646)
	at java.base/java.util.concurrent.CompletableFuture$Completion.exec(CompletableFuture.java:483)
	at java.base/java.util.concurrent.ForkJoinTask.doExec(ForkJoinTask.java:373)
	at java.base/java.util.concurrent.ForkJoinPool$WorkQueue.topLevelExec(ForkJoinPool.java:1182)
	at java.base/java.util.concurrent.ForkJoinPool.scan(ForkJoinPool.java:1655)
	at java.base/java.util.concurrent.ForkJoinPool.runWorker(ForkJoinPool.java:1622)
	at java.base/java.util.concurrent.ForkJoinWorkerThread.run(ForkJoinWorkerThread.java:165)
Caused by: Java Model Exception: Core Exception [code 368] File not found: /home/alvaarobj/java-hello-world/src/main/java/com/example/hello/HelloWorldApplication.java.
	at org.eclipse.jdt.internal.core.util.Util.getResourceContentsAsCharArray(Util.java:1201)
	at org.eclipse.jdt.internal.core.CompilationUnit.openBuffer(CompilationUnit.java:1338)
	at org.eclipse.jdt.internal.core.CompilationUnit.buildStructure(CompilationUnit.java:162)
	at org.eclipse.jdt.internal.core.Openable.generateInfos(Openable.java:246)
	at org.eclipse.jdt.internal.core.SourceRefElement.generateInfos(SourceRefElement.java:127)
	at org.eclipse.jdt.internal.core.JavaElement.openWhenClosed(JavaElement.java:569)
	at org.eclipse.jdt.internal.core.JavaElement.getElementInfo(JavaElement.java:292)
	at org.eclipse.jdt.internal.core.JavaElement.getElementInfo(JavaElement.java:278)
	at org.eclipse.jdt.internal.core.JavaElement.getChildren(JavaElement.java:233)
	at org.eclipse.jdt.internal.core.JavaElement.getChildrenOfType(JavaElement.java:247)
	at org.eclipse.jdt.internal.core.SourceType.getMethods(SourceType.java:499)
	at com.microsoft.java.debug.plugin.internal.ResolveMainMethodHandler.getMainMethod(ResolveMainMethodHandler.java:114)
	at com.microsoft.java.debug.plugin.internal.ResolveMainMethodHandler.searchMainMethods(ResolveMainMethodHandler.java:99)
	at com.microsoft.java.debug.plugin.internal.ResolveMainMethodHandler.resolveMainMethodCore(ResolveMainMethodHandler.java:86)
	at com.microsoft.java.debug.plugin.internal.ResolveMainMethodHandler.resolveMainMethods(ResolveMainMethodHandler.java:78)
	... 13 more
Caused by: org.eclipse.core.internal.resources.ResourceException: File not found: /home/alvaarobj/java-hello-world/src/main/java/com/example/hello/HelloWorldApplication.java.
	at org.eclipse.core.internal.localstore.FileSystemResourceManager.readAllBytes(FileSystemResourceManager.java:916)
	at org.eclipse.core.internal.resources.File.readAllBytes(File.java:363)
	at org.eclipse.core.internal.utils.FileUtil.readAllChars(FileUtil.java:302)
	at org.eclipse.core.resources.IFile.readAllChars(IFile.java:1369)
	at org.eclipse.jdt.internal.core.util.Util.getResourceContentsAsCharArray(Util.java:1199)
	... 27 more
Caused by: org.eclipse.core.runtime.CoreException: File not found: /home/alvaarobj/java-hello-world/src/main/java/com/example/hello/HelloWorldApplication.java.
	at org.eclipse.core.internal.filesystem.Policy.error(Policy.java:32)
	at org.eclipse.core.internal.filesystem.local.LocalFile.handleReadIOException(LocalFile.java:542)
	at org.eclipse.core.internal.filesystem.local.LocalFile.readAllBytes(LocalFile.java:534)
	at org.eclipse.core.internal.localstore.FileSystemResourceManager.readAllBytes(FileSystemResourceManager.java:911)
	... 31 more
Caused by: java.nio.file.NoSuchFileException: /home/alvaarobj/java-hello-world/src/main/java/com/example/hello/HelloWorldApplication.java
	at java.base/sun.nio.fs.UnixException.translateToIOException(UnixException.java:92)
	at java.base/sun.nio.fs.UnixException.rethrowAsIOException(UnixException.java:106)
	at java.base/sun.nio.fs.UnixException.rethrowAsIOException(UnixException.java:111)
	at java.base/sun.nio.fs.UnixFileSystemProvider.newByteChannel(UnixFileSystemProvider.java:218)
	at java.base/java.nio.file.Files.newByteChannel(Files.java:380)
	at java.base/java.nio.file.Files.newByteChannel(Files.java:432)
	at java.base/java.nio.file.Files.readAllBytes(Files.java:3288)
	at org.eclipse.core.internal.filesystem.local.LocalFile.readAllBytes(LocalFile.java:532)
	... 32 more

[Error - 10:37:33 AM] Oct 30, 2025, 10:37:33 AM JavaBuilder handling ImageBuilderInternalException while building: jdt.ls-java-project
'9gio' is not a valid Java identifier
Java Model Exception: Error in Java Model (code -1): '9gio' is not a valid Java identifier
	at org.eclipse.jdt.internal.core.JavaElement.newJavaModelException(JavaElement.java:558)
	at org.eclipse.jdt.internal.core.Openable.generateInfos(Openable.java:234)
	at org.eclipse.jdt.internal.core.SourceRefElement.generateInfos(SourceRefElement.java:127)
	at org.eclipse.jdt.internal.core.JavaElement.openWhenClosed(JavaElement.java:569)
	at org.eclipse.jdt.internal.core.JavaElement.getElementInfo(JavaElement.java:292)
	at org.eclipse.jdt.internal.core.JavaElement.getElementInfo(JavaElement.java:278)
	at org.eclipse.jdt.internal.core.Member.getNameRange(Member.java:383)
	at org.eclipse.jdt.internal.core.builder.AbstractImageBuilder.createProblemFor(AbstractImageBuilder.java:474)
	at org.eclipse.jdt.internal.core.builder.AbstractImageBuilder.acceptResult(AbstractImageBuilder.java:225)
	at org.eclipse.jdt.internal.compiler.Compiler.processCompiledUnits(Compiler.java:639)
	at org.eclipse.jdt.internal.compiler.Compiler.compile(Compiler.java:496)
	at org.eclipse.jdt.internal.compiler.Compiler.compile(Compiler.java:447)
	at org.eclipse.jdt.internal.core.builder.AbstractImageBuilder.compile(AbstractImageBuilder.java:441)
	at org.eclipse.jdt.internal.core.builder.IncrementalImageBuilder.compile(IncrementalImageBuilder.java:387)
	at org.eclipse.jdt.internal.core.builder.AbstractImageBuilder.compile(AbstractImageBuilder.java:372)
	at org.eclipse.jdt.internal.core.builder.IncrementalImageBuilder.incrementalBuildLoop(IncrementalImageBuilder.java:207)
	at org.eclipse.jdt.internal.core.builder.IncrementalImageBuilder.build(IncrementalImageBuilder.java:164)
	at org.eclipse.jdt.internal.core.builder.JavaBuilder.buildDeltas(JavaBuilder.java:332)
	at org.eclipse.jdt.internal.core.builder.JavaBuilder.build(JavaBuilder.java:249)
	at org.eclipse.core.internal.events.BuildManager$2.run(BuildManager.java:1077)
	at org.eclipse.core.runtime.SafeRunner.run(SafeRunner.java:47)
	at org.eclipse.core.internal.events.BuildManager.basicBuild(BuildManager.java:296)
	at org.eclipse.core.internal.events.BuildManager.basicBuild(BuildManager.java:352)
	at org.eclipse.core.internal.events.BuildManager$1.run(BuildManager.java:441)
	at org.eclipse.core.runtime.SafeRunner.run(SafeRunner.java:47)
	at org.eclipse.core.internal.events.BuildManager.basicBuild(BuildManager.java:444)
	at org.eclipse.core.internal.events.BuildManager.basicBuildLoop(BuildManager.java:555)
	at org.eclipse.core.internal.events.BuildManager.basicBuildLoop(BuildManager.java:503)
	at org.eclipse.core.internal.events.BuildManager.build(BuildManager.java:585)
	at org.eclipse.core.internal.events.AutoBuildJob.doBuild(AutoBuildJob.java:207)
	at org.eclipse.core.internal.events.AutoBuildJob.run(AutoBuildJob.java:300)
	at org.eclipse.core.internal.jobs.Worker.run(Worker.java:63)

