Initializing document watcher...
Document watcher initialized
/User/settings.json: Using EditorConfig core...
alvaarobj/java-hello-world/java-hello-world/HelloWorldApplication.java: {}
alvaarobj/java-hello-world/java-hello-world/HelloWorldApplication.java: {}
alvaarobj/java-hello-world/java-hello-world/HelloWorldApplication.java: {}
alvaarobj/java-hello-world/java-hello-world/HelloWorldApplication.java: {}
alvaarobj/java-hello-world/java-hello-world/src/main/HelloWorldApplication.java: {}
alvaarobj/java-hello-world/java-hello-world/src/main/java/HelloWorldApplication.java: {}
alvaarobj/java-hello-world/java-hello-world/src/main/java/HelloWorldApplication.java: {}
alvaarobj/java-hello-world/java-hello-world/src/main/java/HelloWorldApplication.java: {}
alvaarobj/java-hello-world/java-hello-world/src/main/java/com/example/hello/HelloWorldApplication.java: {}
alvaarobj/java-hello-world/java-hello-world/src/main/java/com/example/hello/HelloWorldApplication.java: Using EditorConfig core...
alvaarobj/java-hello-world/java-hello-world/src/main/java/HelloWorldApplication.java: {}
alvaarobj/java-hello-world/java-hello-world/src/main/java/HelloWorldApplication.java: Using EditorConfig core...
alvaarobj/java-hello-world/java-hello-world/src/main/java/com/example/hello/HelloWorldApplication.java: {}
alvaarobj/java-hello-world/java-hello-world/src/main/java/HelloWorldApplication.java: {}
alvaarobj/java-hello-world/java-hello-world/src/main/java/com/example/hello/HelloWorldApplication.java: {}
No more open editors.
alvaarobj/java-hello-world/src/main/java/com/example/hello/HelloWorldApplication.java: {}
alvaarobj/java-hello-world/src/main/java/com/example/hello/HelloWorldApplication.java: Using EditorConfig core...
alvaarobj/java-hello-world/target/pom.xml: {}
alvaarobj/java-hello-world/target/Dockerfile: {}
alvaarobj/java-hello-world/target/Dockerfile: {}
alvaarobj/java-hello-world/target/Dockerfile: {}
alvaarobj/java-hello-world/target/Dockerfile: {}
alvaarobj/java-hello-world/target/Dockerfile: {}
alvaarobj/java-hello-world/target/Dockerfile: {}
alvaarobj/java-hello-world/target/Dockerfile: Using EditorConfig core...
alvaarobj/java-hello-world/target/Dockerfile: Using EditorConfig core...
alvaarobj/java-hello-world/target/Dockerfile: Using EditorConfig core...
alvaarobj/java-hello-world/src/main/java/com/example/hello/HelloWorldApplication.java: {}
alvaarobj/java-hello-world/src/main/java/com/example/hello/HelloWorldApplication.java: {}
alvaarobj/java-hello-world/src/main/java/com/example/hello/HelloWorldApplication.java: {}
alvaarobj/java-hello-world/src/main/java/com/example/hello/HelloWorldApplication.java: {}
alvaarobj/java-hello-world/src/main/java/com/example/hello/HelloWorldApplication.java: Using EditorConfig core...
/tmp/HelloWorldApplication.java: {}
/User/settings.json: Using EditorConfig core...
alvaarobj/java-hello-world/src/main/java/com/example/hello/HelloWorldApplication.java: {}
alvaarobj/java-hello-world/src/main/java/com/example/hello/HelloWorldApplication.java: Using EditorConfig core...
alvaarobj/java-hello-world/src/main/java/com/example/hello/HelloWorldApplication.java: {}
/tmp/HelloWorldApplication.java: {}
alvaarobj/java-hello-world/src/main/java/com/example/hello/HelloWorldApplication.java: {}
alvaarobj/java-hello-world/src/main/java/com/example/hello/HelloWorldApplication.java: {}
alvaarobj/java-hello-world/src/main/java/com/example/hello/HelloWorldApplication.java: {}
alvaarobj/java-hello-world/src/main/java/com/example/hello/HelloWorldApplication.java: Using EditorConfig core...
alvaarobj/java-hello-world/src/main/java/com/example/hello/HelloWorldApplication.java: Using EditorConfig core...
alvaarobj/java-hello-world/src/main/java/com/example/hello/HelloWorldApplication.java: Using EditorConfig core...
alvaarobj/java-hello-world/src/main/java/com/example/hello/HelloWorldApplication.java: Using EditorConfig core...
alvaarobj/java-hello-world/src/main/java/com/example/hello/HelloWorldApplication.java: Using EditorConfig core...
alvaarobj/java-hello-world/src/main/java/com/example/hello/HelloWorldApplication.java: Using EditorConfig core...
alvaarobj/java-hello-world/src/main/java/com/example/hello/HelloWorldApplication.java: Using EditorConfig core...
alvaarobj/java-hello-world/src/main/java/com/example/hello/HelloWorldApplication.java: {}
alvaarobj/java-hello-world/src/main/java/com/example/hello/HelloWorldApplication.java: {}
alvaarobj/java-hello-world/src/main/java/com/example/hello/HelloWorldApplication.java: {}
alvaarobj/java-hello-world/src/main/java/com/example/hello/HelloWorldApplication.java: Using EditorConfig core...
alvaarobj/java-hello-world/src/main/java/com/example/hello/HelloWorldApplication.java: {}
alvaarobj/java-hello-world/src/main/java/com/example/hello/HelloWorldApplication.java: {}
alvaarobj/java-hello-world/src/main/java/com/example/hello/HelloWorldApplication.java: {}
