2025-10-30 09:52:20.128 [info] [main] Log level: Info
2025-10-30 09:52:20.128 [info] [main] Validating found git in: "git"
2025-10-30 09:52:20.128 [info] [main] Using git "2.43.0" from "git"
2025-10-30 09:52:20.128 [info] [Model][doInitialScan] Initial repository scan started
2025-10-30 09:52:20.128 [info] > git rev-parse --show-toplevel [10ms]
2025-10-30 09:52:20.128 [info] fatal: not a git repository (or any parent up to mount point /)
Stopping at filesystem boundary (GIT_DISCOVERY_ACROSS_FILESYSTEM not set).
2025-10-30 09:52:20.129 [info] > git rev-parse --show-toplevel [4ms]
2025-10-30 09:52:20.129 [info] fatal: not a git repository (or any parent up to mount point /)
Stopping at filesystem boundary (GIT_DISCOVERY_ACROSS_FILESYSTEM not set).
2025-10-30 09:52:20.324 [info] > git rev-parse --show-toplevel [191ms]
2025-10-30 09:52:20.324 [info] fatal: not a git repository (or any parent up to mount point /)
Stopping at filesystem boundary (GIT_DISCOVERY_ACROSS_FILESYSTEM not set).
2025-10-30 09:52:21.813 [info] > git rev-parse --show-toplevel [1475ms]
2025-10-30 09:52:21.813 [info] fatal: not a git repository (or any parent up to mount point /)
Stopping at filesystem boundary (GIT_DISCOVERY_ACROSS_FILESYSTEM not set).
2025-10-30 09:52:21.845 [info] > git rev-parse --show-toplevel [11ms]
2025-10-30 09:52:21.845 [info] fatal: not a git repository (or any parent up to mount point /)
Stopping at filesystem boundary (GIT_DISCOVERY_ACROSS_FILESYSTEM not set).
2025-10-30 09:52:21.953 [info] > git rev-parse --show-toplevel [94ms]
2025-10-30 09:52:21.953 [info] fatal: not a git repository (or any parent up to mount point /)
Stopping at filesystem boundary (GIT_DISCOVERY_ACROSS_FILESYSTEM not set).
2025-10-30 09:52:22.010 [info] > git rev-parse --show-toplevel [37ms]
2025-10-30 09:52:22.010 [info] fatal: not a git repository (or any parent up to mount point /)
Stopping at filesystem boundary (GIT_DISCOVERY_ACROSS_FILESYSTEM not set).
2025-10-30 09:52:22.486 [info] > git rev-parse --show-toplevel [414ms]
2025-10-30 09:52:22.486 [info] fatal: not a git repository (or any parent up to mount point /)
Stopping at filesystem boundary (GIT_DISCOVERY_ACROSS_FILESYSTEM not set).
2025-10-30 09:52:22.512 [info] > git rev-parse --show-toplevel [5ms]
2025-10-30 09:52:22.512 [info] fatal: not a git repository (or any parent up to mount point /)
Stopping at filesystem boundary (GIT_DISCOVERY_ACROSS_FILESYSTEM not set).
2025-10-30 09:52:22.536 [info] > git rev-parse --show-toplevel [13ms]
2025-10-30 09:52:22.536 [info] fatal: not a git repository (or any parent up to mount point /)
Stopping at filesystem boundary (GIT_DISCOVERY_ACROSS_FILESYSTEM not set).
2025-10-30 09:52:22.536 [info] [Model][doInitialScan] Initial repository scan completed - repositories (0), closed repositories (0), parent repositories (0), unsafe repositories (0)
2025-10-30 09:52:32.230 [info] > git rev-parse --show-toplevel [12ms]
2025-10-30 09:52:32.230 [info] fatal: not a git repository (or any parent up to mount point /)
Stopping at filesystem boundary (GIT_DISCOVERY_ACROSS_FILESYSTEM not set).
2025-10-30 09:52:54.815 [info] > git rev-parse --show-toplevel [2ms]
2025-10-30 09:52:54.815 [info] fatal: not a git repository (or any parent up to mount point /)
Stopping at filesystem boundary (GIT_DISCOVERY_ACROSS_FILESYSTEM not set).
2025-10-30 09:52:54.837 [info] > git rev-parse --show-toplevel [3ms]
2025-10-30 09:52:54.837 [info] fatal: not a git repository (or any parent up to mount point /)
Stopping at filesystem boundary (GIT_DISCOVERY_ACROSS_FILESYSTEM not set).
