Initializing document watcher...
Document watcher initialized
alvaarobj/java-hello-world/dependency-reduced-pom.xml: {}
alvaarobj/java-hello-world/Dockerfile: {}
alvaarobj/java-hello-world/Dockerfile: {}
alvaarobj/java-hello-world/Dockerfile: Using EditorConfig core...
alvaarobj/java-hello-world/Dockerfile: Using EditorConfig core...
alvaarobj/java-hello-world/Dockerfile: Using EditorConfig core...
alvaarobj/java-hello-world/Dockerfile: Using EditorConfig core...
alvaarobj/java-hello-world/Dockerfile: Using EditorConfig core...
alvaarobj/java-hello-world/Dockerfile: Using EditorConfig core...
alvaarobj/java-hello-world/dependency-reduced-pom.xml: {}
alvaarobj/java-hello-world/pom.xml: {}
alvaarobj/java-hello-world/dependency-reduced-pom.xml: {}
alvaarobj/java-hello-world/src/main/java/com/example/hello/HelloWorldApplication.java: {}
alvaarobj/java-hello-world/src/main/java/com/example/hello/HelloWorldApplication.java: {}
alvaarobj/java-hello-world/src/main/java/com/example/hello/HelloWorldApplication.java: {}
alvaarobj/java-hello-world/dependency-reduced-pom.xml: {}
alvaarobj/java-hello-world/pom.xml: {}
alvaarobj/java-hello-world/Dockerfile: {}
No more open editors.
No more open editors.
alvaarobj/java-hello-world/src/main/java/com/example/hello/HelloWorldApplication.java: {}
alvaarobj/java-hello-world/src/main/java/com/example/hello/HelloWorldApplication.java: {}
alvaarobj/java-hello-world/src/main/java/com/example/hello/HelloWorldApplication.java: {}
alvaarobj/java-hello-world/src/main/java/com/example/hello/HelloWorldApplication.java: {}
alvaarobj/java-hello-world/src/main/java/com/example/hello/HelloWorldApplication.java: {}
alvaarobj/java-hello-world/src/main/java/com/example/hello/HelloWorldApplication.java: {}
alvaarobj/java-hello-world/src/main/java/com/example/hello/HelloWorldApplication.java: {}
No more open editors.
No more open editors.
No more open editors.
alvaarobj/java-hello-world/Dockerfile: {}
alvaarobj/java-hello-world/pom.xml: {}
alvaarobj/java-hello-world/src/main/java/com/example/hello/HelloWorldApplication.java: {}
alvaarobj/java-hello-world/pom.xml: {}
alvaarobj/java-hello-world/Dockerfile: {}
alvaarobj/java-hello-world/pom.xml: {}
alvaarobj/java-hello-world/src/main/java/com/example/hello/HelloWorldApplication.java: {}
alvaarobj/java-hello-world/pom.xml: {}
alvaarobj/java-hello-world/Dockerfile: {}
alvaarobj/java-hello-world/src/main/java/com/example/hello/HelloWorldApplication.java: {}
alvaarobj/java-hello-world/src/main/java/com/example/hello/HelloWorldApplication.java: {}
alvaarobj/java-hello-world/src/main/java/com/example/hello/HelloWorldApplication.java: {}
alvaarobj/java-hello-world/src/main/java/com/example/hello/HelloWorldApplication.java: {}
alvaarobj/java-hello-world/dependency-reduced-pom.xml: {}
No more open editors.
No more open editors.
alvaarobj/java-hello-world/pom.xml: {}
alvaarobj/java-hello-world/dependency-reduced-pom.xml: {}
No more open editors.
No more open editors.
No more open editors.
No more open editors.
No more open editors.
No more open editors.
No more open editors.
No more open editors.
No more open editors.
No more open editors.
No more open editors.
